10:05:00.510 [main] ERROR c.j.eros.controller.DataBaseManager - SQL Exception: 
java.sql.SQLException: No suitable driver found for jdbc:h2:~/wumpus
	at java.sql/java.sql.DriverManager.getConnection(DriverManager.java:706)
	at java.sql/java.sql.DriverManager.getConnection(DriverManager.java:229)
	at com.jozsef.eros.controller.DataBaseManager.<init>(DataBaseManager.java:27)
	at com.jozsef.eros.controller.GameSaver.savePlayer(GameSaver.java:72)
	at com.jozsef.eros.model.Player.setPlayerName(Player.java:52)
	at com.jozsef.eros.model.Player.PlayerName(Player.java:21)
	at com.jozsef.eros.NewGameLoader.showGameBoard(NewGameLoader.java:41)
	at com.jozsef.eros.Menu.mainMenuActions(Menu.java:60)
	at com.jozsef.eros.Menu.runMainMenu(Menu.java:30)
	at com.jozsef.eros.GameManager.main(GameManager.java:9)
10:05:00.515 [main] ERROR c.j.eros.controller.DataBaseManager - Error getting database connection
java.sql.SQLException: No suitable driver found for jdbc:h2:~/wumpus
	at java.sql/java.sql.DriverManager.getConnection(DriverManager.java:706)
	at java.sql/java.sql.DriverManager.getConnection(DriverManager.java:229)
	at com.jozsef.eros.controller.DataBaseManager.getConnection(DataBaseManager.java:82)
	at com.jozsef.eros.controller.GameSaver.savePlayer(GameSaver.java:72)
	at com.jozsef.eros.model.Player.setPlayerName(Player.java:52)
	at com.jozsef.eros.model.Player.PlayerName(Player.java:21)
	at com.jozsef.eros.NewGameLoader.showGameBoard(NewGameLoader.java:41)
	at com.jozsef.eros.Menu.mainMenuActions(Menu.java:60)
	at com.jozsef.eros.Menu.runMainMenu(Menu.java:30)
	at com.jozsef.eros.GameManager.main(GameManager.java:9)
10:13:35.270 [main] ERROR c.j.eros.controller.DataBaseManager - SQL Exception: 
java.sql.SQLException: No suitable driver found for jdbc:h2:~/wumpus
	at java.sql/java.sql.DriverManager.getConnection(DriverManager.java:706)
	at java.sql/java.sql.DriverManager.getConnection(DriverManager.java:229)
	at com.jozsef.eros.controller.DataBaseManager.<init>(DataBaseManager.java:27)
	at com.jozsef.eros.controller.GameSaver.savePlayer(GameSaver.java:72)
	at com.jozsef.eros.model.Player.setPlayerName(Player.java:52)
	at com.jozsef.eros.model.Player.PlayerName(Player.java:21)
	at com.jozsef.eros.NewGameLoader.showGameBoard(NewGameLoader.java:41)
	at com.jozsef.eros.Menu.mainMenuActions(Menu.java:60)
	at com.jozsef.eros.Menu.runMainMenu(Menu.java:30)
	at com.jozsef.eros.GameManager.main(GameManager.java:9)
10:13:35.275 [main] ERROR c.j.eros.controller.DataBaseManager - Error getting database connection
java.sql.SQLException: No suitable driver found for jdbc:h2:~/wumpus
	at java.sql/java.sql.DriverManager.getConnection(DriverManager.java:706)
	at java.sql/java.sql.DriverManager.getConnection(DriverManager.java:229)
	at com.jozsef.eros.controller.DataBaseManager.getConnection(DataBaseManager.java:82)
	at com.jozsef.eros.controller.GameSaver.savePlayer(GameSaver.java:72)
	at com.jozsef.eros.model.Player.setPlayerName(Player.java:52)
	at com.jozsef.eros.model.Player.PlayerName(Player.java:21)
	at com.jozsef.eros.NewGameLoader.showGameBoard(NewGameLoader.java:41)
	at com.jozsef.eros.Menu.mainMenuActions(Menu.java:60)
	at com.jozsef.eros.Menu.runMainMenu(Menu.java:30)
	at com.jozsef.eros.GameManager.main(GameManager.java:9)
10:24:24.956 [main] ERROR c.j.eros.controller.DataBaseManager - SQL Exception: 
org.h2.jdbc.JdbcSQLNonTransientConnectionException: Database may be already in use: "C:/Users/jozse/wumpus.mv.db". Possible solutions: close all other connection(s); use the server mode [90020-224]
	at org.h2.message.DbException.getJdbcSQLException(DbException.java:690)
	at org.h2.message.DbException.getJdbcSQLException(DbException.java:489)
	at org.h2.message.DbException.get(DbException.java:212)
	at org.h2.mvstore.db.Store.convertMVStoreException(Store.java:165)
	at org.h2.mvstore.db.Store.<init>(Store.java:142)
	at org.h2.engine.Database.<init>(Database.java:326)
	at org.h2.engine.Engine.openSession(Engine.java:92)
	at org.h2.engine.Engine.openSession(Engine.java:222)
	at org.h2.engine.Engine.createSession(Engine.java:201)
	at org.h2.engine.SessionRemote.connectEmbeddedOrServer(SessionRemote.java:343)
	at org.h2.jdbc.JdbcConnection.<init>(JdbcConnection.java:125)
	at org.h2.Driver.connect(Driver.java:59)
	at java.sql/java.sql.DriverManager.getConnection(DriverManager.java:681)
	at java.sql/java.sql.DriverManager.getConnection(DriverManager.java:229)
	at com.jozsef.eros.controller.DataBaseManager.<init>(DataBaseManager.java:27)
	at com.jozsef.eros.controller.GameSaver.savePlayer(GameSaver.java:72)
	at com.jozsef.eros.model.Player.setPlayerName(Player.java:52)
	at com.jozsef.eros.model.Player.PlayerName(Player.java:21)
	at com.jozsef.eros.NewGameLoader.showGameBoard(NewGameLoader.java:41)
	at com.jozsef.eros.Menu.mainMenuActions(Menu.java:60)
	at com.jozsef.eros.Menu.runMainMenu(Menu.java:30)
	at com.jozsef.eros.GameManager.main(GameManager.java:9)
Caused by: org.h2.mvstore.MVStoreException: The file is locked: C:/Users/jozse/wumpus.mv.db [2.2.224/7]
	at org.h2.mvstore.DataUtils.newMVStoreException(DataUtils.java:996)
	at org.h2.mvstore.SingleFileStore.lockFileChannel(SingleFileStore.java:143)
	at org.h2.mvstore.SingleFileStore.open(SingleFileStore.java:117)
	at org.h2.mvstore.SingleFileStore.open(SingleFileStore.java:81)
	at org.h2.mvstore.MVStore.<init>(MVStore.java:286)
	at org.h2.mvstore.MVStore$Builder.open(MVStore.java:2035)
	at org.h2.mvstore.db.Store.<init>(Store.java:133)
	... 17 common frames omitted
10:24:24.976 [main] ERROR c.j.eros.controller.DataBaseManager - Error getting database connection
org.h2.jdbc.JdbcSQLNonTransientConnectionException: Database may be already in use: "C:/Users/jozse/wumpus.mv.db". Possible solutions: close all other connection(s); use the server mode [90020-224]
	at org.h2.message.DbException.getJdbcSQLException(DbException.java:690)
	at org.h2.message.DbException.getJdbcSQLException(DbException.java:489)
	at org.h2.message.DbException.get(DbException.java:212)
	at org.h2.mvstore.db.Store.convertMVStoreException(Store.java:165)
	at org.h2.mvstore.db.Store.<init>(Store.java:142)
	at org.h2.engine.Database.<init>(Database.java:326)
	at org.h2.engine.Engine.openSession(Engine.java:92)
	at org.h2.engine.Engine.openSession(Engine.java:222)
	at org.h2.engine.Engine.createSession(Engine.java:201)
	at org.h2.engine.SessionRemote.connectEmbeddedOrServer(SessionRemote.java:343)
	at org.h2.jdbc.JdbcConnection.<init>(JdbcConnection.java:125)
	at org.h2.Driver.connect(Driver.java:59)
	at java.sql/java.sql.DriverManager.getConnection(DriverManager.java:681)
	at java.sql/java.sql.DriverManager.getConnection(DriverManager.java:229)
	at com.jozsef.eros.controller.DataBaseManager.getConnection(DataBaseManager.java:82)
	at com.jozsef.eros.controller.GameSaver.savePlayer(GameSaver.java:72)
	at com.jozsef.eros.model.Player.setPlayerName(Player.java:52)
	at com.jozsef.eros.model.Player.PlayerName(Player.java:21)
	at com.jozsef.eros.NewGameLoader.showGameBoard(NewGameLoader.java:41)
	at com.jozsef.eros.Menu.mainMenuActions(Menu.java:60)
	at com.jozsef.eros.Menu.runMainMenu(Menu.java:30)
	at com.jozsef.eros.GameManager.main(GameManager.java:9)
Caused by: org.h2.mvstore.MVStoreException: The file is locked: C:/Users/jozse/wumpus.mv.db [2.2.224/7]
	at org.h2.mvstore.DataUtils.newMVStoreException(DataUtils.java:996)
	at org.h2.mvstore.SingleFileStore.lockFileChannel(SingleFileStore.java:143)
	at org.h2.mvstore.SingleFileStore.open(SingleFileStore.java:117)
	at org.h2.mvstore.SingleFileStore.open(SingleFileStore.java:81)
	at org.h2.mvstore.MVStore.<init>(MVStore.java:286)
	at org.h2.mvstore.MVStore$Builder.open(MVStore.java:2035)
	at org.h2.mvstore.db.Store.<init>(Store.java:133)
	... 17 common frames omitted
11:05:59.905 [main] ERROR c.j.eros.controller.DataBaseManager - SQL Exception: 
org.h2.jdbc.JdbcSQLNonTransientConnectionException: Database may be already in use: "C:/Users/jozse/wumpus.mv.db". Possible solutions: close all other connection(s); use the server mode [90020-224]
	at org.h2.message.DbException.getJdbcSQLException(DbException.java:690)
	at org.h2.message.DbException.getJdbcSQLException(DbException.java:489)
	at org.h2.message.DbException.get(DbException.java:212)
	at org.h2.mvstore.db.Store.convertMVStoreException(Store.java:165)
	at org.h2.mvstore.db.Store.<init>(Store.java:142)
	at org.h2.engine.Database.<init>(Database.java:326)
	at org.h2.engine.Engine.openSession(Engine.java:92)
	at org.h2.engine.Engine.openSession(Engine.java:222)
	at org.h2.engine.Engine.createSession(Engine.java:201)
	at org.h2.engine.SessionRemote.connectEmbeddedOrServer(SessionRemote.java:343)
	at org.h2.jdbc.JdbcConnection.<init>(JdbcConnection.java:125)
	at org.h2.Driver.connect(Driver.java:59)
	at java.sql/java.sql.DriverManager.getConnection(DriverManager.java:681)
	at java.sql/java.sql.DriverManager.getConnection(DriverManager.java:229)
	at com.jozsef.eros.controller.DataBaseManager.<init>(DataBaseManager.java:27)
	at com.jozsef.eros.controller.GameSaver.savePlayer(GameSaver.java:72)
	at com.jozsef.eros.model.Player.setPlayerName(Player.java:52)
	at com.jozsef.eros.model.Player.PlayerName(Player.java:21)
	at com.jozsef.eros.NewGameLoader.showGameBoard(NewGameLoader.java:41)
	at com.jozsef.eros.Menu.mainMenuActions(Menu.java:60)
	at com.jozsef.eros.Menu.runMainMenu(Menu.java:30)
	at com.jozsef.eros.GameManager.main(GameManager.java:9)
Caused by: org.h2.mvstore.MVStoreException: The file is locked: C:/Users/jozse/wumpus.mv.db [2.2.224/7]
	at org.h2.mvstore.DataUtils.newMVStoreException(DataUtils.java:996)
	at org.h2.mvstore.SingleFileStore.lockFileChannel(SingleFileStore.java:143)
	at org.h2.mvstore.SingleFileStore.open(SingleFileStore.java:117)
	at org.h2.mvstore.SingleFileStore.open(SingleFileStore.java:81)
	at org.h2.mvstore.MVStore.<init>(MVStore.java:286)
	at org.h2.mvstore.MVStore$Builder.open(MVStore.java:2035)
	at org.h2.mvstore.db.Store.<init>(Store.java:133)
	... 17 common frames omitted
11:05:59.924 [main] ERROR c.j.eros.controller.DataBaseManager - Error getting database connection
org.h2.jdbc.JdbcSQLNonTransientConnectionException: Database may be already in use: "C:/Users/jozse/wumpus.mv.db". Possible solutions: close all other connection(s); use the server mode [90020-224]
	at org.h2.message.DbException.getJdbcSQLException(DbException.java:690)
	at org.h2.message.DbException.getJdbcSQLException(DbException.java:489)
	at org.h2.message.DbException.get(DbException.java:212)
	at org.h2.mvstore.db.Store.convertMVStoreException(Store.java:165)
	at org.h2.mvstore.db.Store.<init>(Store.java:142)
	at org.h2.engine.Database.<init>(Database.java:326)
	at org.h2.engine.Engine.openSession(Engine.java:92)
	at org.h2.engine.Engine.openSession(Engine.java:222)
	at org.h2.engine.Engine.createSession(Engine.java:201)
	at org.h2.engine.SessionRemote.connectEmbeddedOrServer(SessionRemote.java:343)
	at org.h2.jdbc.JdbcConnection.<init>(JdbcConnection.java:125)
	at org.h2.Driver.connect(Driver.java:59)
	at java.sql/java.sql.DriverManager.getConnection(DriverManager.java:681)
	at java.sql/java.sql.DriverManager.getConnection(DriverManager.java:229)
	at com.jozsef.eros.controller.DataBaseManager.getConnection(DataBaseManager.java:82)
	at com.jozsef.eros.controller.GameSaver.savePlayer(GameSaver.java:72)
	at com.jozsef.eros.model.Player.setPlayerName(Player.java:52)
	at com.jozsef.eros.model.Player.PlayerName(Player.java:21)
	at com.jozsef.eros.NewGameLoader.showGameBoard(NewGameLoader.java:41)
	at com.jozsef.eros.Menu.mainMenuActions(Menu.java:60)
	at com.jozsef.eros.Menu.runMainMenu(Menu.java:30)
	at com.jozsef.eros.GameManager.main(GameManager.java:9)
Caused by: org.h2.mvstore.MVStoreException: The file is locked: C:/Users/jozse/wumpus.mv.db [2.2.224/7]
	at org.h2.mvstore.DataUtils.newMVStoreException(DataUtils.java:996)
	at org.h2.mvstore.SingleFileStore.lockFileChannel(SingleFileStore.java:143)
	at org.h2.mvstore.SingleFileStore.open(SingleFileStore.java:117)
	at org.h2.mvstore.SingleFileStore.open(SingleFileStore.java:81)
	at org.h2.mvstore.MVStore.<init>(MVStore.java:286)
	at org.h2.mvstore.MVStore$Builder.open(MVStore.java:2035)
	at org.h2.mvstore.db.Store.<init>(Store.java:133)
	... 17 common frames omitted
11:09:05.229 [main] ERROR c.j.eros.controller.DataBaseManager - SQL Exception: 
org.h2.jdbc.JdbcSQLNonTransientConnectionException: Database may be already in use: "C:/Users/jozse/wumpus.mv.db". Possible solutions: close all other connection(s); use the server mode [90020-224]
	at org.h2.message.DbException.getJdbcSQLException(DbException.java:690)
	at org.h2.message.DbException.getJdbcSQLException(DbException.java:489)
	at org.h2.message.DbException.get(DbException.java:212)
	at org.h2.mvstore.db.Store.convertMVStoreException(Store.java:165)
	at org.h2.mvstore.db.Store.<init>(Store.java:142)
	at org.h2.engine.Database.<init>(Database.java:326)
	at org.h2.engine.Engine.openSession(Engine.java:92)
	at org.h2.engine.Engine.openSession(Engine.java:222)
	at org.h2.engine.Engine.createSession(Engine.java:201)
	at org.h2.engine.SessionRemote.connectEmbeddedOrServer(SessionRemote.java:343)
	at org.h2.jdbc.JdbcConnection.<init>(JdbcConnection.java:125)
	at org.h2.Driver.connect(Driver.java:59)
	at java.sql/java.sql.DriverManager.getConnection(DriverManager.java:681)
	at java.sql/java.sql.DriverManager.getConnection(DriverManager.java:229)
	at com.jozsef.eros.controller.DataBaseManager.<init>(DataBaseManager.java:27)
	at com.jozsef.eros.controller.GameSaver.savePlayer(GameSaver.java:72)
	at com.jozsef.eros.model.Player.setPlayerName(Player.java:52)
	at com.jozsef.eros.model.Player.PlayerName(Player.java:21)
	at com.jozsef.eros.NewGameLoader.showGameBoard(NewGameLoader.java:41)
	at com.jozsef.eros.Menu.mainMenuActions(Menu.java:60)
	at com.jozsef.eros.Menu.runMainMenu(Menu.java:30)
	at com.jozsef.eros.GameManager.main(GameManager.java:9)
Caused by: org.h2.mvstore.MVStoreException: The file is locked: C:/Users/jozse/wumpus.mv.db [2.2.224/7]
	at org.h2.mvstore.DataUtils.newMVStoreException(DataUtils.java:996)
	at org.h2.mvstore.SingleFileStore.lockFileChannel(SingleFileStore.java:143)
	at org.h2.mvstore.SingleFileStore.open(SingleFileStore.java:117)
	at org.h2.mvstore.SingleFileStore.open(SingleFileStore.java:81)
	at org.h2.mvstore.MVStore.<init>(MVStore.java:286)
	at org.h2.mvstore.MVStore$Builder.open(MVStore.java:2035)
	at org.h2.mvstore.db.Store.<init>(Store.java:133)
	... 17 common frames omitted
11:09:05.248 [main] ERROR c.j.eros.controller.DataBaseManager - Error getting database connection
org.h2.jdbc.JdbcSQLNonTransientConnectionException: Database may be already in use: "C:/Users/jozse/wumpus.mv.db". Possible solutions: close all other connection(s); use the server mode [90020-224]
	at org.h2.message.DbException.getJdbcSQLException(DbException.java:690)
	at org.h2.message.DbException.getJdbcSQLException(DbException.java:489)
	at org.h2.message.DbException.get(DbException.java:212)
	at org.h2.mvstore.db.Store.convertMVStoreException(Store.java:165)
	at org.h2.mvstore.db.Store.<init>(Store.java:142)
	at org.h2.engine.Database.<init>(Database.java:326)
	at org.h2.engine.Engine.openSession(Engine.java:92)
	at org.h2.engine.Engine.openSession(Engine.java:222)
	at org.h2.engine.Engine.createSession(Engine.java:201)
	at org.h2.engine.SessionRemote.connectEmbeddedOrServer(SessionRemote.java:343)
	at org.h2.jdbc.JdbcConnection.<init>(JdbcConnection.java:125)
	at org.h2.Driver.connect(Driver.java:59)
	at java.sql/java.sql.DriverManager.getConnection(DriverManager.java:681)
	at java.sql/java.sql.DriverManager.getConnection(DriverManager.java:229)
	at com.jozsef.eros.controller.DataBaseManager.getConnection(DataBaseManager.java:82)
	at com.jozsef.eros.controller.GameSaver.savePlayer(GameSaver.java:72)
	at com.jozsef.eros.model.Player.setPlayerName(Player.java:52)
	at com.jozsef.eros.model.Player.PlayerName(Player.java:21)
	at com.jozsef.eros.NewGameLoader.showGameBoard(NewGameLoader.java:41)
	at com.jozsef.eros.Menu.mainMenuActions(Menu.java:60)
	at com.jozsef.eros.Menu.runMainMenu(Menu.java:30)
	at com.jozsef.eros.GameManager.main(GameManager.java:9)
Caused by: org.h2.mvstore.MVStoreException: The file is locked: C:/Users/jozse/wumpus.mv.db [2.2.224/7]
	at org.h2.mvstore.DataUtils.newMVStoreException(DataUtils.java:996)
	at org.h2.mvstore.SingleFileStore.lockFileChannel(SingleFileStore.java:143)
	at org.h2.mvstore.SingleFileStore.open(SingleFileStore.java:117)
	at org.h2.mvstore.SingleFileStore.open(SingleFileStore.java:81)
	at org.h2.mvstore.MVStore.<init>(MVStore.java:286)
	at org.h2.mvstore.MVStore$Builder.open(MVStore.java:2035)
	at org.h2.mvstore.db.Store.<init>(Store.java:133)
	... 17 common frames omitted
11:10:02.040 [main] ERROR c.j.eros.controller.DataBaseManager - SQL Exception: 
org.h2.jdbc.JdbcSQLNonTransientConnectionException: Database may be already in use: "C:/Users/jozse/wumpus.mv.db". Possible solutions: close all other connection(s); use the server mode [90020-224]
	at org.h2.message.DbException.getJdbcSQLException(DbException.java:690)
	at org.h2.message.DbException.getJdbcSQLException(DbException.java:489)
	at org.h2.message.DbException.get(DbException.java:212)
	at org.h2.mvstore.db.Store.convertMVStoreException(Store.java:165)
	at org.h2.mvstore.db.Store.<init>(Store.java:142)
	at org.h2.engine.Database.<init>(Database.java:326)
	at org.h2.engine.Engine.openSession(Engine.java:92)
	at org.h2.engine.Engine.openSession(Engine.java:222)
	at org.h2.engine.Engine.createSession(Engine.java:201)
	at org.h2.engine.SessionRemote.connectEmbeddedOrServer(SessionRemote.java:343)
	at org.h2.jdbc.JdbcConnection.<init>(JdbcConnection.java:125)
	at org.h2.Driver.connect(Driver.java:59)
	at java.sql/java.sql.DriverManager.getConnection(DriverManager.java:681)
	at java.sql/java.sql.DriverManager.getConnection(DriverManager.java:229)
	at com.jozsef.eros.controller.DataBaseManager.<init>(DataBaseManager.java:27)
	at com.jozsef.eros.controller.GameSaver.savePlayer(GameSaver.java:72)
	at com.jozsef.eros.model.Player.setPlayerName(Player.java:52)
	at com.jozsef.eros.model.Player.PlayerName(Player.java:21)
	at com.jozsef.eros.NewGameLoader.showGameBoard(NewGameLoader.java:41)
	at com.jozsef.eros.Menu.mainMenuActions(Menu.java:60)
	at com.jozsef.eros.Menu.runMainMenu(Menu.java:30)
	at com.jozsef.eros.GameManager.main(GameManager.java:9)
Caused by: org.h2.mvstore.MVStoreException: The file is locked: C:/Users/jozse/wumpus.mv.db [2.2.224/7]
	at org.h2.mvstore.DataUtils.newMVStoreException(DataUtils.java:996)
	at org.h2.mvstore.SingleFileStore.lockFileChannel(SingleFileStore.java:143)
	at org.h2.mvstore.SingleFileStore.open(SingleFileStore.java:117)
	at org.h2.mvstore.SingleFileStore.open(SingleFileStore.java:81)
	at org.h2.mvstore.MVStore.<init>(MVStore.java:286)
	at org.h2.mvstore.MVStore$Builder.open(MVStore.java:2035)
	at org.h2.mvstore.db.Store.<init>(Store.java:133)
	... 17 common frames omitted
11:10:02.060 [main] ERROR c.j.eros.controller.DataBaseManager - Error getting database connection
org.h2.jdbc.JdbcSQLNonTransientConnectionException: Database may be already in use: "C:/Users/jozse/wumpus.mv.db". Possible solutions: close all other connection(s); use the server mode [90020-224]
	at org.h2.message.DbException.getJdbcSQLException(DbException.java:690)
	at org.h2.message.DbException.getJdbcSQLException(DbException.java:489)
	at org.h2.message.DbException.get(DbException.java:212)
	at org.h2.mvstore.db.Store.convertMVStoreException(Store.java:165)
	at org.h2.mvstore.db.Store.<init>(Store.java:142)
	at org.h2.engine.Database.<init>(Database.java:326)
	at org.h2.engine.Engine.openSession(Engine.java:92)
	at org.h2.engine.Engine.openSession(Engine.java:222)
	at org.h2.engine.Engine.createSession(Engine.java:201)
	at org.h2.engine.SessionRemote.connectEmbeddedOrServer(SessionRemote.java:343)
	at org.h2.jdbc.JdbcConnection.<init>(JdbcConnection.java:125)
	at org.h2.Driver.connect(Driver.java:59)
	at java.sql/java.sql.DriverManager.getConnection(DriverManager.java:681)
	at java.sql/java.sql.DriverManager.getConnection(DriverManager.java:229)
	at com.jozsef.eros.controller.DataBaseManager.getConnection(DataBaseManager.java:82)
	at com.jozsef.eros.controller.GameSaver.savePlayer(GameSaver.java:72)
	at com.jozsef.eros.model.Player.setPlayerName(Player.java:52)
	at com.jozsef.eros.model.Player.PlayerName(Player.java:21)
	at com.jozsef.eros.NewGameLoader.showGameBoard(NewGameLoader.java:41)
	at com.jozsef.eros.Menu.mainMenuActions(Menu.java:60)
	at com.jozsef.eros.Menu.runMainMenu(Menu.java:30)
	at com.jozsef.eros.GameManager.main(GameManager.java:9)
Caused by: org.h2.mvstore.MVStoreException: The file is locked: C:/Users/jozse/wumpus.mv.db [2.2.224/7]
	at org.h2.mvstore.DataUtils.newMVStoreException(DataUtils.java:996)
	at org.h2.mvstore.SingleFileStore.lockFileChannel(SingleFileStore.java:143)
	at org.h2.mvstore.SingleFileStore.open(SingleFileStore.java:117)
	at org.h2.mvstore.SingleFileStore.open(SingleFileStore.java:81)
	at org.h2.mvstore.MVStore.<init>(MVStore.java:286)
	at org.h2.mvstore.MVStore$Builder.open(MVStore.java:2035)
	at org.h2.mvstore.db.Store.<init>(Store.java:133)
	... 17 common frames omitted
11:16:26.821 [main] INFO  c.j.eros.controller.DataBaseManager - Highscores table created or already exists.
11:16:26.825 [main] INFO  c.j.eros.controller.DataBaseManager - Players table created or already exists.
11:16:26.827 [main] INFO  c.j.eros.controller.DataBaseManager - Game States table created or already exists.
11:24:41.283 [main] ERROR c.j.eros.controller.DataBaseManager - SQL Exception: 
org.h2.jdbc.JdbcSQLNonTransientConnectionException: Database may be already in use: "C:/Users/jozse/wumpus.mv.db". Possible solutions: close all other connection(s); use the server mode [90020-224]
	at org.h2.message.DbException.getJdbcSQLException(DbException.java:690)
	at org.h2.message.DbException.getJdbcSQLException(DbException.java:489)
	at org.h2.message.DbException.get(DbException.java:212)
	at org.h2.mvstore.db.Store.convertMVStoreException(Store.java:165)
	at org.h2.mvstore.db.Store.<init>(Store.java:142)
	at org.h2.engine.Database.<init>(Database.java:326)
	at org.h2.engine.Engine.openSession(Engine.java:92)
	at org.h2.engine.Engine.openSession(Engine.java:222)
	at org.h2.engine.Engine.createSession(Engine.java:201)
	at org.h2.engine.SessionRemote.connectEmbeddedOrServer(SessionRemote.java:343)
	at org.h2.jdbc.JdbcConnection.<init>(JdbcConnection.java:125)
	at org.h2.Driver.connect(Driver.java:59)
	at java.sql/java.sql.DriverManager.getConnection(DriverManager.java:681)
	at java.sql/java.sql.DriverManager.getConnection(DriverManager.java:229)
	at com.jozsef.eros.controller.DataBaseManager.<init>(DataBaseManager.java:27)
	at com.jozsef.eros.controller.GameSaver.savePlayer(GameSaver.java:72)
	at com.jozsef.eros.model.Player.setPlayerName(Player.java:52)
	at com.jozsef.eros.model.Player.PlayerName(Player.java:21)
	at com.jozsef.eros.NewGameLoader.showGameBoard(NewGameLoader.java:41)
	at com.jozsef.eros.Menu.mainMenuActions(Menu.java:60)
	at com.jozsef.eros.Menu.runMainMenu(Menu.java:30)
	at com.jozsef.eros.GameManager.main(GameManager.java:9)
Caused by: org.h2.mvstore.MVStoreException: The file is locked: C:/Users/jozse/wumpus.mv.db [2.2.224/7]
	at org.h2.mvstore.DataUtils.newMVStoreException(DataUtils.java:996)
	at org.h2.mvstore.SingleFileStore.lockFileChannel(SingleFileStore.java:143)
	at org.h2.mvstore.SingleFileStore.open(SingleFileStore.java:117)
	at org.h2.mvstore.SingleFileStore.open(SingleFileStore.java:81)
	at org.h2.mvstore.MVStore.<init>(MVStore.java:286)
	at org.h2.mvstore.MVStore$Builder.open(MVStore.java:2035)
	at org.h2.mvstore.db.Store.<init>(Store.java:133)
	... 17 common frames omitted
11:24:41.312 [main] ERROR c.j.eros.controller.DataBaseManager - Error getting database connection
org.h2.jdbc.JdbcSQLNonTransientConnectionException: Database may be already in use: "C:/Users/jozse/wumpus.mv.db". Possible solutions: close all other connection(s); use the server mode [90020-224]
	at org.h2.message.DbException.getJdbcSQLException(DbException.java:690)
	at org.h2.message.DbException.getJdbcSQLException(DbException.java:489)
	at org.h2.message.DbException.get(DbException.java:212)
	at org.h2.mvstore.db.Store.convertMVStoreException(Store.java:165)
	at org.h2.mvstore.db.Store.<init>(Store.java:142)
	at org.h2.engine.Database.<init>(Database.java:326)
	at org.h2.engine.Engine.openSession(Engine.java:92)
	at org.h2.engine.Engine.openSession(Engine.java:222)
	at org.h2.engine.Engine.createSession(Engine.java:201)
	at org.h2.engine.SessionRemote.connectEmbeddedOrServer(SessionRemote.java:343)
	at org.h2.jdbc.JdbcConnection.<init>(JdbcConnection.java:125)
	at org.h2.Driver.connect(Driver.java:59)
	at java.sql/java.sql.DriverManager.getConnection(DriverManager.java:681)
	at java.sql/java.sql.DriverManager.getConnection(DriverManager.java:229)
	at com.jozsef.eros.controller.DataBaseManager.getConnection(DataBaseManager.java:82)
	at com.jozsef.eros.controller.GameSaver.savePlayer(GameSaver.java:72)
	at com.jozsef.eros.model.Player.setPlayerName(Player.java:52)
	at com.jozsef.eros.model.Player.PlayerName(Player.java:21)
	at com.jozsef.eros.NewGameLoader.showGameBoard(NewGameLoader.java:41)
	at com.jozsef.eros.Menu.mainMenuActions(Menu.java:60)
	at com.jozsef.eros.Menu.runMainMenu(Menu.java:30)
	at com.jozsef.eros.GameManager.main(GameManager.java:9)
Caused by: org.h2.mvstore.MVStoreException: The file is locked: C:/Users/jozse/wumpus.mv.db [2.2.224/7]
	at org.h2.mvstore.DataUtils.newMVStoreException(DataUtils.java:996)
	at org.h2.mvstore.SingleFileStore.lockFileChannel(SingleFileStore.java:143)
	at org.h2.mvstore.SingleFileStore.open(SingleFileStore.java:117)
	at org.h2.mvstore.SingleFileStore.open(SingleFileStore.java:81)
	at org.h2.mvstore.MVStore.<init>(MVStore.java:286)
	at org.h2.mvstore.MVStore$Builder.open(MVStore.java:2035)
	at org.h2.mvstore.db.Store.<init>(Store.java:133)
	... 17 common frames omitted
11:24:54.550 [main] ERROR c.j.eros.controller.DataBaseManager - SQL Exception: 
org.h2.jdbc.JdbcSQLNonTransientConnectionException: Database may be already in use: "C:/Users/jozse/wumpus.mv.db". Possible solutions: close all other connection(s); use the server mode [90020-224]
	at org.h2.message.DbException.getJdbcSQLException(DbException.java:690)
	at org.h2.message.DbException.getJdbcSQLException(DbException.java:489)
	at org.h2.message.DbException.get(DbException.java:212)
	at org.h2.mvstore.db.Store.convertMVStoreException(Store.java:165)
	at org.h2.mvstore.db.Store.<init>(Store.java:142)
	at org.h2.engine.Database.<init>(Database.java:326)
	at org.h2.engine.Engine.openSession(Engine.java:92)
	at org.h2.engine.Engine.openSession(Engine.java:222)
	at org.h2.engine.Engine.createSession(Engine.java:201)
	at org.h2.engine.SessionRemote.connectEmbeddedOrServer(SessionRemote.java:343)
	at org.h2.jdbc.JdbcConnection.<init>(JdbcConnection.java:125)
	at org.h2.Driver.connect(Driver.java:59)
	at java.sql/java.sql.DriverManager.getConnection(DriverManager.java:681)
	at java.sql/java.sql.DriverManager.getConnection(DriverManager.java:229)
	at com.jozsef.eros.controller.DataBaseManager.<init>(DataBaseManager.java:27)
	at com.jozsef.eros.controller.GameSaver.savePlayer(GameSaver.java:72)
	at com.jozsef.eros.model.Player.setPlayerName(Player.java:52)
	at com.jozsef.eros.model.Player.PlayerName(Player.java:21)
	at com.jozsef.eros.NewGameLoader.showGameBoard(NewGameLoader.java:41)
	at com.jozsef.eros.Menu.mainMenuActions(Menu.java:60)
	at com.jozsef.eros.Menu.runMainMenu(Menu.java:30)
	at com.jozsef.eros.GameManager.main(GameManager.java:9)
Caused by: org.h2.mvstore.MVStoreException: The file is locked: C:/Users/jozse/wumpus.mv.db [2.2.224/7]
	at org.h2.mvstore.DataUtils.newMVStoreException(DataUtils.java:996)
	at org.h2.mvstore.SingleFileStore.lockFileChannel(SingleFileStore.java:143)
	at org.h2.mvstore.SingleFileStore.open(SingleFileStore.java:117)
	at org.h2.mvstore.SingleFileStore.open(SingleFileStore.java:81)
	at org.h2.mvstore.MVStore.<init>(MVStore.java:286)
	at org.h2.mvstore.MVStore$Builder.open(MVStore.java:2035)
	at org.h2.mvstore.db.Store.<init>(Store.java:133)
	... 17 common frames omitted
11:24:54.571 [main] ERROR c.j.eros.controller.DataBaseManager - Error getting database connection
org.h2.jdbc.JdbcSQLNonTransientConnectionException: Database may be already in use: "C:/Users/jozse/wumpus.mv.db". Possible solutions: close all other connection(s); use the server mode [90020-224]
	at org.h2.message.DbException.getJdbcSQLException(DbException.java:690)
	at org.h2.message.DbException.getJdbcSQLException(DbException.java:489)
	at org.h2.message.DbException.get(DbException.java:212)
	at org.h2.mvstore.db.Store.convertMVStoreException(Store.java:165)
	at org.h2.mvstore.db.Store.<init>(Store.java:142)
	at org.h2.engine.Database.<init>(Database.java:326)
	at org.h2.engine.Engine.openSession(Engine.java:92)
	at org.h2.engine.Engine.openSession(Engine.java:222)
	at org.h2.engine.Engine.createSession(Engine.java:201)
	at org.h2.engine.SessionRemote.connectEmbeddedOrServer(SessionRemote.java:343)
	at org.h2.jdbc.JdbcConnection.<init>(JdbcConnection.java:125)
	at org.h2.Driver.connect(Driver.java:59)
	at java.sql/java.sql.DriverManager.getConnection(DriverManager.java:681)
	at java.sql/java.sql.DriverManager.getConnection(DriverManager.java:229)
	at com.jozsef.eros.controller.DataBaseManager.getConnection(DataBaseManager.java:82)
	at com.jozsef.eros.controller.GameSaver.savePlayer(GameSaver.java:72)
	at com.jozsef.eros.model.Player.setPlayerName(Player.java:52)
	at com.jozsef.eros.model.Player.PlayerName(Player.java:21)
	at com.jozsef.eros.NewGameLoader.showGameBoard(NewGameLoader.java:41)
	at com.jozsef.eros.Menu.mainMenuActions(Menu.java:60)
	at com.jozsef.eros.Menu.runMainMenu(Menu.java:30)
	at com.jozsef.eros.GameManager.main(GameManager.java:9)
Caused by: org.h2.mvstore.MVStoreException: The file is locked: C:/Users/jozse/wumpus.mv.db [2.2.224/7]
	at org.h2.mvstore.DataUtils.newMVStoreException(DataUtils.java:996)
	at org.h2.mvstore.SingleFileStore.lockFileChannel(SingleFileStore.java:143)
	at org.h2.mvstore.SingleFileStore.open(SingleFileStore.java:117)
	at org.h2.mvstore.SingleFileStore.open(SingleFileStore.java:81)
	at org.h2.mvstore.MVStore.<init>(MVStore.java:286)
	at org.h2.mvstore.MVStore$Builder.open(MVStore.java:2035)
	at org.h2.mvstore.db.Store.<init>(Store.java:133)
	... 17 common frames omitted
11:25:16.576 [main] INFO  c.j.eros.controller.DataBaseManager - Highscores table created or already exists.
11:25:16.578 [main] INFO  c.j.eros.controller.DataBaseManager - Players table created or already exists.
11:25:16.579 [main] INFO  c.j.eros.controller.DataBaseManager - Game States table created or already exists.
11:33:59.636 [main] INFO  c.j.eros.controller.DataBaseManager - Highscores table created or already exists.
11:33:59.638 [main] INFO  c.j.eros.controller.DataBaseManager - Players table created or already exists.
11:33:59.639 [main] INFO  c.j.eros.controller.DataBaseManager - Game States table created or already exists.
11:36:29.354 [main] INFO  c.j.eros.controller.DataBaseManager - Highscores table created or already exists.
11:36:29.357 [main] INFO  c.j.eros.controller.DataBaseManager - Players table created or already exists.
11:36:29.357 [main] INFO  c.j.eros.controller.DataBaseManager - Game States table created or already exists.
11:50:46.876 [main] INFO  c.j.eros.controller.DataBaseManager - Highscores table created or already exists.
11:50:46.879 [main] INFO  c.j.eros.controller.DataBaseManager - Players table created or already exists.
11:50:46.880 [main] INFO  c.j.eros.controller.DataBaseManager - Game States table created or already exists.
11:53:38.599 [main] INFO  c.j.eros.controller.DataBaseManager - Highscores table created or already exists.
11:53:38.601 [main] INFO  c.j.eros.controller.DataBaseManager - Players table created or already exists.
11:53:38.602 [main] INFO  c.j.eros.controller.DataBaseManager - Game States table created or already exists.
11:59:25.734 [main] INFO  c.j.eros.controller.DataBaseManager - Highscores table created or already exists.
11:59:25.736 [main] INFO  c.j.eros.controller.DataBaseManager - Players table created or already exists.
11:59:25.737 [main] INFO  c.j.eros.controller.DataBaseManager - Game States table created or already exists.
12:01:23.870 [main] INFO  c.j.eros.controller.DataBaseManager - Highscores table created or already exists.
12:01:23.872 [main] INFO  c.j.eros.controller.DataBaseManager - Players table created or already exists.
12:01:23.872 [main] INFO  c.j.eros.controller.DataBaseManager - Game States table created or already exists.
12:05:57.654 [main] INFO  c.j.eros.controller.DataBaseManager - Highscores table created or already exists.
12:05:57.656 [main] INFO  c.j.eros.controller.DataBaseManager - Players table created or already exists.
12:05:57.657 [main] INFO  c.j.eros.controller.DataBaseManager - Game States table created or already exists.
12:17:21.486 [main] INFO  c.j.eros.controller.DataBaseManager - Highscores table created or already exists.
12:17:21.488 [main] INFO  c.j.eros.controller.DataBaseManager - Players table created or already exists.
12:17:21.489 [main] INFO  c.j.eros.controller.DataBaseManager - Game States table created or already exists.
12:23:44.492 [main] INFO  c.j.eros.controller.DataBaseManager - Highscores table created or already exists.
12:23:44.495 [main] INFO  c.j.eros.controller.DataBaseManager - Players table created or already exists.
12:23:44.495 [main] INFO  c.j.eros.controller.DataBaseManager - Game States table created or already exists.
12:27:03.756 [main] INFO  c.j.eros.controller.DataBaseManager - Highscores table created or already exists.
12:27:03.758 [main] INFO  c.j.eros.controller.DataBaseManager - Players table created or already exists.
12:27:03.759 [main] INFO  c.j.eros.controller.DataBaseManager - Game States table created or already exists.
12:38:39.597 [main] INFO  c.j.eros.controller.DataBaseManager - Highscores table created or already exists.
12:38:39.600 [main] INFO  c.j.eros.controller.DataBaseManager - Players table created or already exists.
12:38:39.601 [main] INFO  c.j.eros.controller.DataBaseManager - Game States table created or already exists.
12:44:09.164 [main] INFO  c.j.eros.controller.DataBaseManager - Highscores table created or already exists.
12:44:09.167 [main] INFO  c.j.eros.controller.DataBaseManager - Players table created or already exists.
12:44:09.167 [main] INFO  c.j.eros.controller.DataBaseManager - Game States table created or already exists.
12:52:36.011 [main] INFO  c.j.eros.controller.DataBaseManager - Highscores table created or already exists.
12:52:36.014 [main] INFO  c.j.eros.controller.DataBaseManager - Players table created or already exists.
12:52:36.014 [main] INFO  c.j.eros.controller.DataBaseManager - Game States table created or already exists.
12:57:23.654 [main] INFO  c.j.eros.controller.DataBaseManager - Highscores table created or already exists.
12:57:23.656 [main] INFO  c.j.eros.controller.DataBaseManager - Players table created or already exists.
12:57:23.657 [main] INFO  c.j.eros.controller.DataBaseManager - Game States table created or already exists.
13:20:50.877 [main] INFO  c.j.eros.controller.DataBaseManager - Highscores table created or already exists.
13:20:50.879 [main] INFO  c.j.eros.controller.DataBaseManager - Players table created or already exists.
13:20:50.880 [main] INFO  c.j.eros.controller.DataBaseManager - Game States table created or already exists.
13:56:00.150 [main] INFO  c.j.eros.controller.DataBaseManager - Highscores table created or already exists.
13:56:00.152 [main] INFO  c.j.eros.controller.DataBaseManager - Players table created or already exists.
13:56:00.152 [main] INFO  c.j.eros.controller.DataBaseManager - Game States table created or already exists.
13:58:53.395 [main] INFO  c.j.eros.controller.DataBaseManager - Highscores table created or already exists.
13:58:53.398 [main] INFO  c.j.eros.controller.DataBaseManager - Players table created or already exists.
13:58:53.398 [main] INFO  c.j.eros.controller.DataBaseManager - Game States table created or already exists.
14:01:00.193 [main] INFO  c.j.eros.controller.DataBaseManager - Highscores table created or already exists.
14:01:00.195 [main] INFO  c.j.eros.controller.DataBaseManager - Players table created or already exists.
14:01:00.196 [main] INFO  c.j.eros.controller.DataBaseManager - Game States table created or already exists.
14:01:55.445 [main] INFO  c.j.eros.controller.DataBaseManager - Highscores table created or already exists.
14:01:55.447 [main] INFO  c.j.eros.controller.DataBaseManager - Players table created or already exists.
14:01:55.448 [main] INFO  c.j.eros.controller.DataBaseManager - Game States table created or already exists.
14:15:43.151 [main] INFO  c.j.eros.controller.DataBaseManager - Highscores table created or already exists.
14:15:43.153 [main] INFO  c.j.eros.controller.DataBaseManager - Players table created or already exists.
14:15:43.154 [main] INFO  c.j.eros.controller.DataBaseManager - Game States table created or already exists.
14:18:02.673 [main] INFO  c.j.eros.controller.DataBaseManager - Highscores table created or already exists.
14:18:02.675 [main] INFO  c.j.eros.controller.DataBaseManager - Players table created or already exists.
14:18:02.675 [main] INFO  c.j.eros.controller.DataBaseManager - Game States table created or already exists.
14:20:26.760 [main] INFO  c.j.eros.controller.DataBaseManager - Highscores table created or already exists.
14:20:26.762 [main] INFO  c.j.eros.controller.DataBaseManager - Players table created or already exists.
14:20:26.763 [main] INFO  c.j.eros.controller.DataBaseManager - Game States table created or already exists.
14:22:43.455 [main] INFO  c.j.eros.controller.DataBaseManager - Highscores table created or already exists.
14:22:43.457 [main] INFO  c.j.eros.controller.DataBaseManager - Players table created or already exists.
14:22:43.458 [main] INFO  c.j.eros.controller.DataBaseManager - Game States table created or already exists.
14:24:14.798 [main] INFO  c.j.eros.controller.DataBaseManager - Highscores table created or already exists.
14:24:14.801 [main] INFO  c.j.eros.controller.DataBaseManager - Players table created or already exists.
14:24:14.801 [main] INFO  c.j.eros.controller.DataBaseManager - Game States table created or already exists.
14:28:49.094 [main] INFO  c.j.eros.controller.DataBaseManager - Highscores table created or already exists.
14:28:49.097 [main] INFO  c.j.eros.controller.DataBaseManager - Players table created or already exists.
14:28:49.097 [main] INFO  c.j.eros.controller.DataBaseManager - Game States table created or already exists.
14:45:18.667 [main] INFO  c.j.eros.controller.DataBaseManager - Highscores table created or already exists.
14:45:18.669 [main] INFO  c.j.eros.controller.DataBaseManager - Players table created or already exists.
14:45:18.669 [main] INFO  c.j.eros.controller.DataBaseManager - Game States table created or already exists.
14:50:08.555 [main] INFO  c.j.eros.controller.DataBaseManager - Highscores table created or already exists.
14:50:08.558 [main] INFO  c.j.eros.controller.DataBaseManager - Players table created or already exists.
14:50:08.558 [main] INFO  c.j.eros.controller.DataBaseManager - Game States table created or already exists.
14:50:58.141 [main] INFO  c.j.eros.controller.DataBaseManager - Highscores table created or already exists.
14:50:58.143 [main] INFO  c.j.eros.controller.DataBaseManager - Players table created or already exists.
14:50:58.144 [main] INFO  c.j.eros.controller.DataBaseManager - Game States table created or already exists.
14:55:23.524 [main] INFO  c.j.eros.controller.DataBaseManager - Highscores table created or already exists.
14:55:23.526 [main] INFO  c.j.eros.controller.DataBaseManager - Players table created or already exists.
14:55:23.526 [main] INFO  c.j.eros.controller.DataBaseManager - Game States table created or already exists.
14:55:51.238 [main] INFO  c.j.eros.controller.DataBaseManager - Highscores table created or already exists.
14:55:51.240 [main] INFO  c.j.eros.controller.DataBaseManager - Players table created or already exists.
14:55:51.240 [main] INFO  c.j.eros.controller.DataBaseManager - Game States table created or already exists.
15:03:57.396 [main] INFO  c.j.eros.controller.DataBaseManager - Highscores table created or already exists.
15:03:57.398 [main] INFO  c.j.eros.controller.DataBaseManager - Players table created or already exists.
15:03:57.399 [main] INFO  c.j.eros.controller.DataBaseManager - Game States table created or already exists.
15:07:05.811 [main] INFO  c.j.eros.controller.DataBaseManager - Highscores table created or already exists.
15:07:05.813 [main] INFO  c.j.eros.controller.DataBaseManager - Players table created or already exists.
15:07:05.814 [main] INFO  c.j.eros.controller.DataBaseManager - Game States table created or already exists.
15:07:34.525 [main] INFO  c.j.eros.controller.DataBaseManager - Highscores table created or already exists.
15:07:34.527 [main] INFO  c.j.eros.controller.DataBaseManager - Players table created or already exists.
15:07:34.528 [main] INFO  c.j.eros.controller.DataBaseManager - Game States table created or already exists.
15:09:36.512 [main] INFO  c.j.eros.controller.DataBaseManager - Highscores table created or already exists.
15:09:36.515 [main] INFO  c.j.eros.controller.DataBaseManager - Players table created or already exists.
15:09:36.515 [main] INFO  c.j.eros.controller.DataBaseManager - Game States table created or already exists.
15:11:59.398 [main] INFO  c.j.eros.controller.DataBaseManager - Highscores table created or already exists.
15:11:59.400 [main] INFO  c.j.eros.controller.DataBaseManager - Players table created or already exists.
15:11:59.401 [main] INFO  c.j.eros.controller.DataBaseManager - Game States table created or already exists.
15:15:00.936 [main] INFO  c.j.eros.controller.DataBaseManager - Highscores table created or already exists.
15:15:00.938 [main] INFO  c.j.eros.controller.DataBaseManager - Players table created or already exists.
15:15:00.939 [main] INFO  c.j.eros.controller.DataBaseManager - Game States table created or already exists.
15:18:27.015 [main] INFO  c.j.eros.controller.DataBaseManager - Highscores table created or already exists.
15:18:27.018 [main] INFO  c.j.eros.controller.DataBaseManager - Players table created or already exists.
15:18:27.018 [main] INFO  c.j.eros.controller.DataBaseManager - Game States table created or already exists.
15:20:16.795 [main] INFO  c.j.eros.controller.DataBaseManager - Highscores table created or already exists.
15:20:16.797 [main] INFO  c.j.eros.controller.DataBaseManager - Players table created or already exists.
15:20:16.798 [main] INFO  c.j.eros.controller.DataBaseManager - Game States table created or already exists.
15:25:20.869 [main] INFO  c.j.eros.controller.DataBaseManager - Highscores table created or already exists.
15:25:20.871 [main] INFO  c.j.eros.controller.DataBaseManager - Players table created or already exists.
15:25:20.872 [main] INFO  c.j.eros.controller.DataBaseManager - Game States table created or already exists.
15:36:15.354 [main] INFO  c.j.eros.controller.DataBaseManager - Highscores table created or already exists.
15:36:15.356 [main] INFO  c.j.eros.controller.DataBaseManager - Players table created or already exists.
15:36:15.357 [main] INFO  c.j.eros.controller.DataBaseManager - Game States table created or already exists.
15:38:24.427 [main] INFO  c.j.eros.controller.DataBaseManager - Highscores table created or already exists.
15:38:24.430 [main] INFO  c.j.eros.controller.DataBaseManager - Players table created or already exists.
15:38:24.430 [main] INFO  c.j.eros.controller.DataBaseManager - Game States table created or already exists.
15:42:37.596 [main] INFO  c.j.eros.controller.DataBaseManager - Highscores table created or already exists.
15:42:37.598 [main] INFO  c.j.eros.controller.DataBaseManager - Players table created or already exists.
15:42:37.599 [main] INFO  c.j.eros.controller.DataBaseManager - Game States table created or already exists.
16:11:03.499 [main] INFO  c.j.eros.controller.DataBaseManager - Highscores table created or already exists.
16:11:03.501 [main] INFO  c.j.eros.controller.DataBaseManager - Players table created or already exists.
16:11:03.501 [main] INFO  c.j.eros.controller.DataBaseManager - Game States table created or already exists.
16:13:26.497 [main] INFO  c.j.eros.controller.DataBaseManager - Highscores table created or already exists.
16:13:26.499 [main] INFO  c.j.eros.controller.DataBaseManager - Players table created or already exists.
16:13:26.500 [main] INFO  c.j.eros.controller.DataBaseManager - Game States table created or already exists.
16:18:29.344 [main] INFO  c.j.eros.controller.DataBaseManager - Highscores table created or already exists.
16:18:29.347 [main] INFO  c.j.eros.controller.DataBaseManager - Players table created or already exists.
16:18:29.347 [main] INFO  c.j.eros.controller.DataBaseManager - Game States table created or already exists.
16:21:37.163 [main] INFO  c.j.eros.controller.DataBaseManager - Highscores table created or already exists.
16:21:37.165 [main] INFO  c.j.eros.controller.DataBaseManager - Players table created or already exists.
16:21:37.166 [main] INFO  c.j.eros.controller.DataBaseManager - Game States table created or already exists.
16:31:22.022 [main] INFO  c.j.eros.controller.DataBaseManager - Highscores table created or already exists.
16:31:22.024 [main] INFO  c.j.eros.controller.DataBaseManager - Players table created or already exists.
16:31:22.024 [main] INFO  c.j.eros.controller.DataBaseManager - Game States table created or already exists.
16:36:31.395 [main] INFO  c.j.eros.controller.DataBaseManager - Highscores table created or already exists.
16:36:31.397 [main] INFO  c.j.eros.controller.DataBaseManager - Players table created or already exists.
16:36:31.398 [main] INFO  c.j.eros.controller.DataBaseManager - Game States table created or already exists.
16:40:56.797 [main] INFO  c.j.eros.controller.DataBaseManager - Highscores table created or already exists.
16:40:56.799 [main] INFO  c.j.eros.controller.DataBaseManager - Players table created or already exists.
16:40:56.800 [main] INFO  c.j.eros.controller.DataBaseManager - Game States table created or already exists.
17:00:25.490 [main] INFO  c.j.eros.controller.DataBaseManager - Highscores table created or already exists.
17:00:25.492 [main] INFO  c.j.eros.controller.DataBaseManager - Players table created or already exists.
17:00:25.493 [main] INFO  c.j.eros.controller.DataBaseManager - Game States table created or already exists.
17:02:42.230 [main] INFO  c.j.eros.controller.DataBaseManager - Highscores table created or already exists.
17:02:42.232 [main] INFO  c.j.eros.controller.DataBaseManager - Players table created or already exists.
17:02:42.232 [main] INFO  c.j.eros.controller.DataBaseManager - Game States table created or already exists.
17:04:46.729 [main] INFO  c.j.eros.controller.DataBaseManager - Highscores table created or already exists.
17:04:46.732 [main] INFO  c.j.eros.controller.DataBaseManager - Players table created or already exists.
17:04:46.733 [main] INFO  c.j.eros.controller.DataBaseManager - Game States table created or already exists.
17:20:10.604 [main] INFO  c.j.eros.controller.DataBaseManager - Highscores table created or already exists.
17:20:10.607 [main] INFO  c.j.eros.controller.DataBaseManager - Players table created or already exists.
17:20:10.607 [main] INFO  c.j.eros.controller.DataBaseManager - Game States table created or already exists.
17:40:18.491 [main] INFO  c.j.eros.controller.DataBaseManager - Highscores table created or already exists.
17:40:18.493 [main] INFO  c.j.eros.controller.DataBaseManager - Players table created or already exists.
17:40:18.494 [main] INFO  c.j.eros.controller.DataBaseManager - Game States table created or already exists.
17:42:10.200 [main] INFO  c.j.eros.controller.DataBaseManager - Highscores table created or already exists.
17:42:10.202 [main] INFO  c.j.eros.controller.DataBaseManager - Players table created or already exists.
17:42:10.203 [main] INFO  c.j.eros.controller.DataBaseManager - Game States table created or already exists.
17:45:34.192 [main] INFO  c.j.eros.controller.DataBaseManager - Highscores table created or already exists.
17:45:34.195 [main] INFO  c.j.eros.controller.DataBaseManager - Players table created or already exists.
17:45:34.196 [main] INFO  c.j.eros.controller.DataBaseManager - Game States table created or already exists.
17:46:47.909 [main] INFO  c.j.eros.controller.DataBaseManager - Highscores table created or already exists.
17:46:47.911 [main] INFO  c.j.eros.controller.DataBaseManager - Players table created or already exists.
17:46:47.912 [main] INFO  c.j.eros.controller.DataBaseManager - Game States table created or already exists.
17:50:03.446 [main] INFO  c.j.eros.controller.DataBaseManager - Highscores table created or already exists.
17:50:03.448 [main] INFO  c.j.eros.controller.DataBaseManager - Players table created or already exists.
17:50:03.449 [main] INFO  c.j.eros.controller.DataBaseManager - Game States table created or already exists.
17:53:45.582 [main] INFO  c.j.eros.controller.DataBaseManager - Highscores table created or already exists.
17:53:45.584 [main] INFO  c.j.eros.controller.DataBaseManager - Players table created or already exists.
17:53:45.585 [main] INFO  c.j.eros.controller.DataBaseManager - Game States table created or already exists.
17:56:13.328 [main] INFO  c.j.eros.controller.DataBaseManager - Highscores table created or already exists.
17:56:13.330 [main] INFO  c.j.eros.controller.DataBaseManager - Players table created or already exists.
17:56:13.330 [main] INFO  c.j.eros.controller.DataBaseManager - Game States table created or already exists.
17:57:32.312 [main] INFO  c.j.eros.controller.DataBaseManager - Highscores table created or already exists.
17:57:32.314 [main] INFO  c.j.eros.controller.DataBaseManager - Players table created or already exists.
17:57:32.314 [main] INFO  c.j.eros.controller.DataBaseManager - Game States table created or already exists.
17:58:59.453 [main] INFO  c.j.eros.controller.DataBaseManager - Highscores table created or already exists.
17:58:59.456 [main] INFO  c.j.eros.controller.DataBaseManager - Players table created or already exists.
17:58:59.457 [main] INFO  c.j.eros.controller.DataBaseManager - Game States table created or already exists.
18:03:15.917 [main] INFO  c.j.eros.controller.DataBaseManager - Highscores table created or already exists.
18:03:15.919 [main] INFO  c.j.eros.controller.DataBaseManager - Players table created or already exists.
18:03:15.920 [main] INFO  c.j.eros.controller.DataBaseManager - Game States table created or already exists.
18:06:44.337 [main] INFO  c.j.eros.controller.DataBaseManager - Highscores table created or already exists.
18:06:44.339 [main] INFO  c.j.eros.controller.DataBaseManager - Players table created or already exists.
18:06:44.340 [main] INFO  c.j.eros.controller.DataBaseManager - Game States table created or already exists.
18:10:39.695 [main] INFO  c.j.eros.controller.DataBaseManager - Highscores table created or already exists.
18:10:39.697 [main] INFO  c.j.eros.controller.DataBaseManager - Players table created or already exists.
18:10:39.698 [main] INFO  c.j.eros.controller.DataBaseManager - Game States table created or already exists.
18:13:02.218 [main] INFO  c.j.eros.controller.DataBaseManager - Highscores table created or already exists.
18:13:02.220 [main] INFO  c.j.eros.controller.DataBaseManager - Players table created or already exists.
18:13:02.220 [main] INFO  c.j.eros.controller.DataBaseManager - Game States table created or already exists.
18:20:19.210 [main] INFO  c.j.eros.controller.DataBaseManager - Highscores table created or already exists.
18:20:19.213 [main] INFO  c.j.eros.controller.DataBaseManager - Players table created or already exists.
18:20:19.213 [main] INFO  c.j.eros.controller.DataBaseManager - Game States table created or already exists.
18:25:46.691 [main] INFO  c.j.eros.controller.DataBaseManager - Highscores table created or already exists.
18:25:46.693 [main] INFO  c.j.eros.controller.DataBaseManager - Players table created or already exists.
18:25:46.694 [main] INFO  c.j.eros.controller.DataBaseManager - Game States table created or already exists.
18:37:01.171 [main] INFO  c.j.eros.controller.DataBaseManager - Highscores table created or already exists.
18:37:01.174 [main] INFO  c.j.eros.controller.DataBaseManager - Players table created or already exists.
18:37:01.174 [main] INFO  c.j.eros.controller.DataBaseManager - Game States table created or already exists.
18:42:22.765 [main] INFO  c.j.eros.controller.DataBaseManager - Highscores table created or already exists.
18:42:22.767 [main] INFO  c.j.eros.controller.DataBaseManager - Players table created or already exists.
18:42:22.768 [main] INFO  c.j.eros.controller.DataBaseManager - Game States table created or already exists.
18:43:25.548 [main] INFO  c.j.eros.controller.DataBaseManager - Highscores table created or already exists.
18:43:25.550 [main] INFO  c.j.eros.controller.DataBaseManager - Players table created or already exists.
18:43:25.550 [main] INFO  c.j.eros.controller.DataBaseManager - Game States table created or already exists.
18:44:21.330 [main] INFO  c.j.eros.controller.DataBaseManager - Highscores table created or already exists.
18:44:21.333 [main] INFO  c.j.eros.controller.DataBaseManager - Players table created or already exists.
18:44:21.333 [main] INFO  c.j.eros.controller.DataBaseManager - Game States table created or already exists.
18:46:14.724 [main] INFO  c.j.eros.controller.DataBaseManager - Highscores table created or already exists.
18:46:14.726 [main] INFO  c.j.eros.controller.DataBaseManager - Players table created or already exists.
18:46:14.727 [main] INFO  c.j.eros.controller.DataBaseManager - Game States table created or already exists.
20:17:39.441 [main] INFO  c.j.eros.controller.DataBaseManager - Highscores table created or already exists.
20:17:39.445 [main] INFO  c.j.eros.controller.DataBaseManager - Players table created or already exists.
20:17:39.446 [main] INFO  c.j.eros.controller.DataBaseManager - Game States table created or already exists.
20:39:26.596 [main] INFO  c.j.eros.controller.DataBaseManager - Highscores table created or already exists.
20:39:26.598 [main] INFO  c.j.eros.controller.DataBaseManager - Players table created or already exists.
20:39:26.598 [main] INFO  c.j.eros.controller.DataBaseManager - Game States table created or already exists.
